<?xml version="1.0" encoding="UTF-8"?>
<testng-results skipped="0" failed="0" total="1" passed="1">
  <reporter-output>
  </reporter-output>
  <suite name="Default suite" duration-ms="797" started-at="2020-04-24T13:58:35Z" finished-at="2020-04-24T13:58:36Z">
    <groups>
    </groups>
    <test name="Default test" duration-ms="797" started-at="2020-04-24T13:58:35Z" finished-at="2020-04-24T13:58:36Z">
      <class name="com.qa.beartax.SignUpPage">
        <test-method status="PASS" signature="excelDataRead()[pri:0, instance:com.qa.beartax.SignUpPage@6392827e]" name="excelDataRead" duration-ms="787" started-at="2020-04-24T09:58:35Z" finished-at="2020-04-24T09:58:36Z">
          <reporter-output>
          </reporter-output>
        </test-method> <!-- excelDataRead -->
      </class> <!-- com.qa.beartax.SignUpPage -->
    </test> <!-- Default test -->
  </suite> <!-- Default suite -->
</testng-results>
